C:\USERS\ANDREA\DESKTOP\MYPROJ\SECURE-RFID-LOGIN\APP\LIBWEBSOCKETS-MASTER\BUILD\BIN\RELEASE\LIBWEBSOCKETS-SECURE-RFID-LOGIN.EXE
C:\USERS\ANDREA\DESKTOP\MYPROJ\SECURE-RFID-LOGIN\APP\LIBWEBSOCKETS-MASTER\BUILD\CMAKEFILES\GENERATE.STAMP
C:\USERS\ANDREA\DESKTOP\MYPROJ\SECURE-RFID-LOGIN\APP\LIBWEBSOCKETS-MASTER\BUILD\SECURE-RFID-LOGIN.DIR\RELEASE\AES.OBJ
C:\USERS\ANDREA\DESKTOP\MYPROJ\SECURE-RFID-LOGIN\APP\LIBWEBSOCKETS-MASTER\BUILD\SECURE-RFID-LOGIN.DIR\RELEASE\ARDUINORFID.OBJ
C:\USERS\ANDREA\DESKTOP\MYPROJ\SECURE-RFID-LOGIN\APP\LIBWEBSOCKETS-MASTER\BUILD\SECURE-RFID-LOGIN.DIR\RELEASE\ARGORFID_READER.OBJ
C:\Users\Andrea\Desktop\myProj\secure-rfid-login\app\libwebsockets-master\build\secure-rfid-login.dir\Release\cl.command.1.tlog
C:\Users\Andrea\Desktop\myProj\secure-rfid-login\app\libwebsockets-master\build\secure-rfid-login.dir\Release\CL.read.1.tlog
C:\Users\Andrea\Desktop\myProj\secure-rfid-login\app\libwebsockets-master\build\secure-rfid-login.dir\Release\CL.write.1.tlog
C:\Users\Andrea\Desktop\myProj\secure-rfid-login\app\libwebsockets-master\build\secure-rfid-login.dir\Release\custombuild.command.1.tlog
C:\Users\Andrea\Desktop\myProj\secure-rfid-login\app\libwebsockets-master\build\secure-rfid-login.dir\Release\custombuild.read.1.tlog
C:\Users\Andrea\Desktop\myProj\secure-rfid-login\app\libwebsockets-master\build\secure-rfid-login.dir\Release\custombuild.write.1.tlog
C:\USERS\ANDREA\DESKTOP\MYPROJ\SECURE-RFID-LOGIN\APP\LIBWEBSOCKETS-MASTER\BUILD\SECURE-RFID-LOGIN.DIR\RELEASE\ENCDEC.OBJ
C:\USERS\ANDREA\DESKTOP\MYPROJ\SECURE-RFID-LOGIN\APP\LIBWEBSOCKETS-MASTER\BUILD\SECURE-RFID-LOGIN.DIR\RELEASE\GETOPT.OBJ
C:\USERS\ANDREA\DESKTOP\MYPROJ\SECURE-RFID-LOGIN\APP\LIBWEBSOCKETS-MASTER\BUILD\SECURE-RFID-LOGIN.DIR\RELEASE\GETOPT_LONG.OBJ
C:\USERS\ANDREA\DESKTOP\MYPROJ\SECURE-RFID-LOGIN\APP\LIBWEBSOCKETS-MASTER\BUILD\SECURE-RFID-LOGIN.DIR\RELEASE\GETTIMEOFDAY.OBJ
C:\USERS\ANDREA\DESKTOP\MYPROJ\SECURE-RFID-LOGIN\APP\LIBWEBSOCKETS-MASTER\BUILD\SECURE-RFID-LOGIN.DIR\RELEASE\LIBWEBSOCKETS-SECURE-RFID-LOGIN.EXE.INTERMEDIATE.MANIFEST
C:\Users\Andrea\Desktop\myProj\secure-rfid-login\app\libwebsockets-master\build\secure-rfid-login.dir\Release\link.command.1.tlog
C:\Users\Andrea\Desktop\myProj\secure-rfid-login\app\libwebsockets-master\build\secure-rfid-login.dir\Release\link.read.1.tlog
C:\Users\Andrea\Desktop\myProj\secure-rfid-login\app\libwebsockets-master\build\secure-rfid-login.dir\Release\link.write.1.tlog
C:\Users\Andrea\Desktop\myProj\secure-rfid-login\app\libwebsockets-master\build\secure-rfid-login.dir\Release\link-cvtres.read.1.tlog
C:\Users\Andrea\Desktop\myProj\secure-rfid-login\app\libwebsockets-master\build\secure-rfid-login.dir\Release\link-cvtres.write.1.tlog
C:\Users\Andrea\Desktop\myProj\secure-rfid-login\app\libwebsockets-master\build\secure-rfid-login.dir\Release\mt.command.1.tlog
C:\Users\Andrea\Desktop\myProj\secure-rfid-login\app\libwebsockets-master\build\secure-rfid-login.dir\Release\mt.read.1.tlog
C:\Users\Andrea\Desktop\myProj\secure-rfid-login\app\libwebsockets-master\build\secure-rfid-login.dir\Release\mt.write.1.tlog
C:\Users\Andrea\Desktop\myProj\secure-rfid-login\app\libwebsockets-master\build\secure-rfid-login.dir\Release\rc.command.1.tlog
C:\Users\Andrea\Desktop\myProj\secure-rfid-login\app\libwebsockets-master\build\secure-rfid-login.dir\Release\rc.read.1.tlog
C:\Users\Andrea\Desktop\myProj\secure-rfid-login\app\libwebsockets-master\build\secure-rfid-login.dir\Release\rc.write.1.tlog
C:\USERS\ANDREA\DESKTOP\MYPROJ\SECURE-RFID-LOGIN\APP\LIBWEBSOCKETS-MASTER\BUILD\SECURE-RFID-LOGIN.DIR\RELEASE\RESOURCES.RES
C:\USERS\ANDREA\DESKTOP\MYPROJ\SECURE-RFID-LOGIN\APP\LIBWEBSOCKETS-MASTER\BUILD\SECURE-RFID-LOGIN.DIR\RELEASE\RS232.OBJ
C:\USERS\ANDREA\DESKTOP\MYPROJ\SECURE-RFID-LOGIN\APP\LIBWEBSOCKETS-MASTER\BUILD\SECURE-RFID-LOGIN.DIR\RELEASE\SECURE-RFID-LOGIN.OBJ
C:\Users\Andrea\Desktop\myProj\secure-rfid-login\app\libwebsockets-master\build\secure-rfid-login.dir\Release\secure-rfid-login.vcxprojResolveAssemblyReference.cache
C:\Users\Andrea\Desktop\myProj\secure-rfid-login\app\libwebsockets-master\build\secure-rfid-login.dir\Release\secure-rfid-login.write.1.tlog
C:\USERS\ANDREA\DESKTOP\MYPROJ\SECURE-RFID-LOGIN\APP\LIBWEBSOCKETS-MASTER\BUILD\SECURE-RFID-LOGIN.DIR\RELEASE\TRAY.OBJ
