C:\USERS\ANDREA\DESKTOP\MYPROJ\SECURE-RFID-LOGIN\APP\LIBWEBSOCKETS-MASTER\BUILD\BIN\DEBUG\LIBWEBSOCKETS-SECURE-RFID-LOGIN.EXE
C:\USERS\ANDREA\DESKTOP\MYPROJ\SECURE-RFID-LOGIN\APP\LIBWEBSOCKETS-MASTER\BUILD\BIN\DEBUG\LIBWEBSOCKETS-SECURE-RFID-LOGIN.ILK
C:\USERS\ANDREA\DESKTOP\MYPROJ\SECURE-RFID-LOGIN\APP\LIBWEBSOCKETS-MASTER\BUILD\BIN\DEBUG\LIBWEBSOCKETS-SECURE-RFID-LOGIN.PDB
C:\USERS\ANDREA\DESKTOP\MYPROJ\SECURE-RFID-LOGIN\APP\LIBWEBSOCKETS-MASTER\BUILD\CMAKEFILES\GENERATE.STAMP
C:\USERS\ANDREA\DESKTOP\MYPROJ\SECURE-RFID-LOGIN\APP\LIBWEBSOCKETS-MASTER\BUILD\SECURE-RFID-LOGIN.DIR\DEBUG\AES.OBJ
C:\USERS\ANDREA\DESKTOP\MYPROJ\SECURE-RFID-LOGIN\APP\LIBWEBSOCKETS-MASTER\BUILD\SECURE-RFID-LOGIN.DIR\DEBUG\ARDUINORFID.OBJ
C:\USERS\ANDREA\DESKTOP\MYPROJ\SECURE-RFID-LOGIN\APP\LIBWEBSOCKETS-MASTER\BUILD\SECURE-RFID-LOGIN.DIR\DEBUG\ARGORFID_READER.OBJ
C:\Users\Andrea\Desktop\myProj\secure-rfid-login\app\libwebsockets-master\build\secure-rfid-login.dir\Debug\cl.command.1.tlog
C:\Users\Andrea\Desktop\myProj\secure-rfid-login\app\libwebsockets-master\build\secure-rfid-login.dir\Debug\CL.read.1.tlog
C:\Users\Andrea\Desktop\myProj\secure-rfid-login\app\libwebsockets-master\build\secure-rfid-login.dir\Debug\CL.write.1.tlog
C:\Users\Andrea\Desktop\myProj\secure-rfid-login\app\libwebsockets-master\build\secure-rfid-login.dir\Debug\custombuild.command.1.tlog
C:\Users\Andrea\Desktop\myProj\secure-rfid-login\app\libwebsockets-master\build\secure-rfid-login.dir\Debug\custombuild.read.1.tlog
C:\Users\Andrea\Desktop\myProj\secure-rfid-login\app\libwebsockets-master\build\secure-rfid-login.dir\Debug\custombuild.write.1.tlog
C:\USERS\ANDREA\DESKTOP\MYPROJ\SECURE-RFID-LOGIN\APP\LIBWEBSOCKETS-MASTER\BUILD\SECURE-RFID-LOGIN.DIR\DEBUG\ENCDEC.OBJ
C:\USERS\ANDREA\DESKTOP\MYPROJ\SECURE-RFID-LOGIN\APP\LIBWEBSOCKETS-MASTER\BUILD\SECURE-RFID-LOGIN.DIR\DEBUG\GETOPT.OBJ
C:\USERS\ANDREA\DESKTOP\MYPROJ\SECURE-RFID-LOGIN\APP\LIBWEBSOCKETS-MASTER\BUILD\SECURE-RFID-LOGIN.DIR\DEBUG\GETOPT_LONG.OBJ
C:\USERS\ANDREA\DESKTOP\MYPROJ\SECURE-RFID-LOGIN\APP\LIBWEBSOCKETS-MASTER\BUILD\SECURE-RFID-LOGIN.DIR\DEBUG\GETTIMEOFDAY.OBJ
C:\USERS\ANDREA\DESKTOP\MYPROJ\SECURE-RFID-LOGIN\APP\LIBWEBSOCKETS-MASTER\BUILD\SECURE-RFID-LOGIN.DIR\DEBUG\LIBWEBSOCKETS-SECURE-RFID-LOGIN.EXE.EMBED.MANIFEST
C:\USERS\ANDREA\DESKTOP\MYPROJ\SECURE-RFID-LOGIN\APP\LIBWEBSOCKETS-MASTER\BUILD\SECURE-RFID-LOGIN.DIR\DEBUG\LIBWEBSOCKETS-SECURE-RFID-LOGIN.EXE.EMBED.MANIFEST.RES
C:\USERS\ANDREA\DESKTOP\MYPROJ\SECURE-RFID-LOGIN\APP\LIBWEBSOCKETS-MASTER\BUILD\SECURE-RFID-LOGIN.DIR\DEBUG\LIBWEBSOCKETS-SECURE-RFID-LOGIN.EXE.INTERMEDIATE.MANIFEST
C:\Users\Andrea\Desktop\myProj\secure-rfid-login\app\libwebsockets-master\build\secure-rfid-login.dir\Debug\libwebsockets-secure-rfid-login_manifest.rc
C:\Users\Andrea\Desktop\myProj\secure-rfid-login\app\libwebsockets-master\build\secure-rfid-login.dir\Debug\link.command.1.tlog
C:\Users\Andrea\Desktop\myProj\secure-rfid-login\app\libwebsockets-master\build\secure-rfid-login.dir\Debug\link.read.1.tlog
C:\Users\Andrea\Desktop\myProj\secure-rfid-login\app\libwebsockets-master\build\secure-rfid-login.dir\Debug\link.write.1.tlog
C:\Users\Andrea\Desktop\myProj\secure-rfid-login\app\libwebsockets-master\build\secure-rfid-login.dir\Debug\link-cvtres.read.1.tlog
C:\Users\Andrea\Desktop\myProj\secure-rfid-login\app\libwebsockets-master\build\secure-rfid-login.dir\Debug\link-cvtres.write.1.tlog
C:\Users\Andrea\Desktop\myProj\secure-rfid-login\app\libwebsockets-master\build\secure-rfid-login.dir\Debug\mt.command.1.tlog
C:\Users\Andrea\Desktop\myProj\secure-rfid-login\app\libwebsockets-master\build\secure-rfid-login.dir\Debug\mt.read.1.tlog
C:\Users\Andrea\Desktop\myProj\secure-rfid-login\app\libwebsockets-master\build\secure-rfid-login.dir\Debug\mt.write.1.tlog
C:\Users\Andrea\Desktop\myProj\secure-rfid-login\app\libwebsockets-master\build\secure-rfid-login.dir\Debug\rc.command.1.tlog
C:\Users\Andrea\Desktop\myProj\secure-rfid-login\app\libwebsockets-master\build\secure-rfid-login.dir\Debug\rc.read.1.tlog
C:\Users\Andrea\Desktop\myProj\secure-rfid-login\app\libwebsockets-master\build\secure-rfid-login.dir\Debug\rc.write.1.tlog
C:\USERS\ANDREA\DESKTOP\MYPROJ\SECURE-RFID-LOGIN\APP\LIBWEBSOCKETS-MASTER\BUILD\SECURE-RFID-LOGIN.DIR\DEBUG\RESOURCES.RES
C:\USERS\ANDREA\DESKTOP\MYPROJ\SECURE-RFID-LOGIN\APP\LIBWEBSOCKETS-MASTER\BUILD\SECURE-RFID-LOGIN.DIR\DEBUG\RS232.OBJ
C:\USERS\ANDREA\DESKTOP\MYPROJ\SECURE-RFID-LOGIN\APP\LIBWEBSOCKETS-MASTER\BUILD\SECURE-RFID-LOGIN.DIR\DEBUG\SECURE-RFID-LOGIN.OBJ
C:\Users\Andrea\Desktop\myProj\secure-rfid-login\app\libwebsockets-master\build\secure-rfid-login.dir\Debug\secure-rfid-login.vcxprojResolveAssemblyReference.cache
C:\Users\Andrea\Desktop\myProj\secure-rfid-login\app\libwebsockets-master\build\secure-rfid-login.dir\Debug\secure-rfid-login.write.1.tlog
C:\USERS\ANDREA\DESKTOP\MYPROJ\SECURE-RFID-LOGIN\APP\LIBWEBSOCKETS-MASTER\BUILD\SECURE-RFID-LOGIN.DIR\DEBUG\TRAY.OBJ
C:\USERS\ANDREA\DESKTOP\MYPROJ\SECURE-RFID-LOGIN\APP\LIBWEBSOCKETS-MASTER\BUILD\SECURE-RFID-LOGIN.DIR\DEBUG\VC100.PDB
