Compilazione avviata 07/06/2014 15:09:33.
     1>Progetto "C:\Users\Andrea\Desktop\myProj\secure-rfid-login\app\libwebsockets-master\build\secure-rfid-login.vcxproj" sul nodo 2 (destinazioni: build).
     1>InitializeBuildStatus:
         Creazione di "secure-rfid-login.dir\Debug\secure-rfid-login.unsuccessfulbuild". È stato specificato "AlwaysCreate".
       CustomBuild:
         Tutti gli output sono aggiornati.
         Building Custom Rule C:/Users/Andrea/Desktop/myProj/secure-rfid-login/app/libwebsockets-master/CMakeLists.txt
         CMake does not need to re-run because C:\Users\Andrea\Desktop\myProj\secure-rfid-login\app\libwebsockets-master\build\CMakeFiles\generate.stamp is up-to-date.
       ClCompile:
         Tutti gli output sono aggiornati.
       ResourceCompile:
         Tutti gli output sono aggiornati.
       ManifestResourceCompile:
         Tutti gli output sono aggiornati.
       Link:
         Tutti gli output sono aggiornati.
       Manifest:
         Tutti gli output sono aggiornati.
       PostBuildEvent:
         setlocal
         C:\Users\Andrea\Desktop\cmake-2.8.12.2-win32-x86\bin\cmake.exe -E copy C:/OpenSSL-Win32/bin/libeay32.dll C:/Users/Andrea/Desktop/myProj/secure-rfid-login/app/libwebsockets-master/build/bin/Debug
         if %errorlevel% neq 0 goto :cmEnd
         :cmEnd
         endlocal & call :cmErrorLevel %errorlevel% & goto :cmDone
         :cmErrorLevel
         exit /b %1
         :cmDone
         if %errorlevel% neq 0 goto :VCEnd
         setlocal
         C:\Users\Andrea\Desktop\cmake-2.8.12.2-win32-x86\bin\cmake.exe -E copy C:/OpenSSL-Win32/bin/ssleay32.dll C:/Users/Andrea/Desktop/myProj/secure-rfid-login/app/libwebsockets-master/build/bin/Debug
         if %errorlevel% neq 0 goto :cmEnd
         :cmEnd
         endlocal & call :cmErrorLevel %errorlevel% & goto :cmDone
         :cmErrorLevel
         exit /b %1
         :cmDone
         if %errorlevel% neq 0 goto :VCEnd
         :VCEnd
       FinalizeBuildStatus:
         Eliminazione del file "secure-rfid-login.dir\Debug\secure-rfid-login.unsuccessfulbuild" in corso.
         Aggiornamento timestamp di "secure-rfid-login.dir\Debug\secure-rfid-login.lastbuildstate".
     1>Compilazione progetto "C:\Users\Andrea\Desktop\myProj\secure-rfid-login\app\libwebsockets-master\build\secure-rfid-login.vcxproj" (destinazioni: build) completata.

Compilazione completata.

Tempo trascorso 00:00:01.12
