C:\USERS\ANDREA\DESKTOP\MYPROJ\SECURE-RFID-LOGIN\APP\LIBWEBSOCKETS-MASTER\BUILD\BIN\RELEASE\WEBSOCKETS.DLL
C:\USERS\ANDREA\DESKTOP\MYPROJ\SECURE-RFID-LOGIN\APP\LIBWEBSOCKETS-MASTER\BUILD\CMAKEFILES\GENERATE.STAMP
C:\Users\Andrea\Desktop\myProj\secure-rfid-login\app\libwebsockets-master\build\lib\Release\websockets.exp
C:\Users\Andrea\Desktop\myProj\secure-rfid-login\app\libwebsockets-master\build\lib\Release\websockets.lib
C:\USERS\ANDREA\DESKTOP\MYPROJ\SECURE-RFID-LOGIN\APP\LIBWEBSOCKETS-MASTER\BUILD\WEBSOCKETS_SHARED.DIR\RELEASE\BASE64-DECODE.OBJ
C:\Users\Andrea\Desktop\myProj\secure-rfid-login\app\libwebsockets-master\build\websockets_shared.dir\Release\cl.command.1.tlog
C:\Users\Andrea\Desktop\myProj\secure-rfid-login\app\libwebsockets-master\build\websockets_shared.dir\Release\CL.read.1.tlog
C:\Users\Andrea\Desktop\myProj\secure-rfid-login\app\libwebsockets-master\build\websockets_shared.dir\Release\CL.write.1.tlog
C:\Users\Andrea\Desktop\myProj\secure-rfid-login\app\libwebsockets-master\build\websockets_shared.dir\Release\custombuild.command.1.tlog
C:\Users\Andrea\Desktop\myProj\secure-rfid-login\app\libwebsockets-master\build\websockets_shared.dir\Release\custombuild.read.1.tlog
C:\Users\Andrea\Desktop\myProj\secure-rfid-login\app\libwebsockets-master\build\websockets_shared.dir\Release\custombuild.write.1.tlog
C:\USERS\ANDREA\DESKTOP\MYPROJ\SECURE-RFID-LOGIN\APP\LIBWEBSOCKETS-MASTER\BUILD\WEBSOCKETS_SHARED.DIR\RELEASE\EXTENSION.OBJ
C:\USERS\ANDREA\DESKTOP\MYPROJ\SECURE-RFID-LOGIN\APP\LIBWEBSOCKETS-MASTER\BUILD\WEBSOCKETS_SHARED.DIR\RELEASE\EXTENSION-DEFLATE-FRAME.OBJ
C:\USERS\ANDREA\DESKTOP\MYPROJ\SECURE-RFID-LOGIN\APP\LIBWEBSOCKETS-MASTER\BUILD\WEBSOCKETS_SHARED.DIR\RELEASE\EXTENSION-DEFLATE-STREAM.OBJ
C:\USERS\ANDREA\DESKTOP\MYPROJ\SECURE-RFID-LOGIN\APP\LIBWEBSOCKETS-MASTER\BUILD\WEBSOCKETS_SHARED.DIR\RELEASE\GETTIMEOFDAY.OBJ
C:\USERS\ANDREA\DESKTOP\MYPROJ\SECURE-RFID-LOGIN\APP\LIBWEBSOCKETS-MASTER\BUILD\WEBSOCKETS_SHARED.DIR\RELEASE\HANDSHAKE.OBJ
C:\USERS\ANDREA\DESKTOP\MYPROJ\SECURE-RFID-LOGIN\APP\LIBWEBSOCKETS-MASTER\BUILD\WEBSOCKETS_SHARED.DIR\RELEASE\LIBWEBSOCKETS.OBJ
C:\Users\Andrea\Desktop\myProj\secure-rfid-login\app\libwebsockets-master\build\websockets_shared.dir\Release\link.command.1.tlog
C:\Users\Andrea\Desktop\myProj\secure-rfid-login\app\libwebsockets-master\build\websockets_shared.dir\Release\link.read.1.tlog
C:\Users\Andrea\Desktop\myProj\secure-rfid-login\app\libwebsockets-master\build\websockets_shared.dir\Release\link.write.1.tlog
C:\Users\Andrea\Desktop\myProj\secure-rfid-login\app\libwebsockets-master\build\websockets_shared.dir\Release\mt.command.1.tlog
C:\Users\Andrea\Desktop\myProj\secure-rfid-login\app\libwebsockets-master\build\websockets_shared.dir\Release\mt.read.1.tlog
C:\Users\Andrea\Desktop\myProj\secure-rfid-login\app\libwebsockets-master\build\websockets_shared.dir\Release\mt.write.1.tlog
C:\USERS\ANDREA\DESKTOP\MYPROJ\SECURE-RFID-LOGIN\APP\LIBWEBSOCKETS-MASTER\BUILD\WEBSOCKETS_SHARED.DIR\RELEASE\OUTPUT.OBJ
C:\USERS\ANDREA\DESKTOP\MYPROJ\SECURE-RFID-LOGIN\APP\LIBWEBSOCKETS-MASTER\BUILD\WEBSOCKETS_SHARED.DIR\RELEASE\PARSERS.OBJ
C:\USERS\ANDREA\DESKTOP\MYPROJ\SECURE-RFID-LOGIN\APP\LIBWEBSOCKETS-MASTER\BUILD\WEBSOCKETS_SHARED.DIR\RELEASE\SERVER.OBJ
C:\USERS\ANDREA\DESKTOP\MYPROJ\SECURE-RFID-LOGIN\APP\LIBWEBSOCKETS-MASTER\BUILD\WEBSOCKETS_SHARED.DIR\RELEASE\SERVER-HANDSHAKE.OBJ
C:\USERS\ANDREA\DESKTOP\MYPROJ\SECURE-RFID-LOGIN\APP\LIBWEBSOCKETS-MASTER\BUILD\WEBSOCKETS_SHARED.DIR\RELEASE\SHA-1.OBJ
C:\USERS\ANDREA\DESKTOP\MYPROJ\SECURE-RFID-LOGIN\APP\LIBWEBSOCKETS-MASTER\BUILD\WEBSOCKETS_SHARED.DIR\RELEASE\WEBSOCKETS.DLL.INTERMEDIATE.MANIFEST
C:\Users\Andrea\Desktop\myProj\secure-rfid-login\app\libwebsockets-master\build\websockets_shared.dir\Release\websockets_shared.vcxprojResolveAssemblyReference.cache
C:\Users\Andrea\Desktop\myProj\secure-rfid-login\app\libwebsockets-master\build\websockets_shared.dir\Release\websockets_shared.write.1.tlog
C:\USERS\ANDREA\DESKTOP\MYPROJ\SECURE-RFID-LOGIN\APP\LIBWEBSOCKETS-MASTER\BUILD\WEBSOCKETS_SHARED.DIR\RELEASE\WEBSOCK-W32.OBJ
