Compilazione avviata 29/05/2014 21:57:32.
     1>Progetto "C:\Users\Andrea\Desktop\myProj\secure-rfid-login\app\libwebsockets-master\build\websockets_shared.vcxproj" sul nodo 3 (destinazioni: build).
     1>InitializeBuildStatus:
         Creazione di "websockets_shared.dir\Release\websockets_shared.unsuccessfulbuild". È stato specificato "AlwaysCreate".
       CustomBuild:
         Building Custom Rule C:/Users/Andrea/Desktop/myProj/secure-rfid-login/app/libwebsockets-master/CMakeLists.txt
         CMake does not need to re-run because C:\Users\Andrea\Desktop\myProj\secure-rfid-login\app\libwebsockets-master\build\CMakeFiles\generate.stamp is up-to-date.
       ClCompile:
         c:\Program Files (x86)\Microsoft Visual Studio 10.0\VC\bin\CL.exe /c /I"C:\Users\Andrea\Desktop\myProj\secure-rfid-login\app\libwebsockets-master\build" /I"C:\Users\Andrea\Desktop\myProj\secure-rfid-login\app\libwebsockets-master\lib" /I"C:\Users\Andrea\Desktop\myProj\secure-rfid-login\app\libwebsockets-master\win32port\win32helpers" /I"C:\Users\Andrea\Desktop\myProj\secure-rfid-login\app\libwebsockets-master\win32port\zlib" /I"C:\OpenSSL-Win32\include" /nologo /W3 /WX- /O2 /Ob2 /Oy- /D WIN32 /D _WINDOWS /D NDEBUG /D LWS_DLL /D LWS_INTERNAL /D CMAKE_BUILD /D _CRT_SECURE_NO_DEPRECATE /D _CRT_NONSTDC_NO_DEPRECATE /D "CMAKE_INTDIR=\"Release\"" /D websockets_shared_EXPORTS /D _WINDLL /D _MBCS /Gm- /MD /GS /fp:precise /Zc:wchar_t /Zc:forScope /Fo"websockets_shared.dir\Release\\" /Fd"websockets_shared.dir\Release\vc100.pdb" /Gd /TC /analyze- /errorReport:prompt "..\lib\base64-decode.c" ..\lib\handshake.c ..\lib\libwebsockets.c ..\lib\output.c ..\lib\parsers.c "..\lib\sha-1.c" ..\lib\server.c "..\lib\server-handshake.c" ..\lib\extension.c "..\lib\extension-deflate-frame.c" "..\lib\extension-deflate-stream.c" "..\win32port\win32helpers\websock-w32.c" ..\win32port\win32helpers\gettimeofday.c
         base64-decode.c
         handshake.c
     1>..\lib\handshake.c(265): warning C4133: 'funzione': tipi non compatibili. Da 'size_t *' a 'const char *'
         libwebsockets.c
         output.c
     1>..\lib\output.c(184): warning C4018: '<': errata corrispondenza tra signed e unsigned
     1>..\lib\output.c(462): warning C4244: '=': conversione da 'short' a 'unsigned char'. Possibile perdita di dati.
         parsers.c
     1>..\lib\parsers.c(385): warning C4244: '=': conversione da 'unsigned short' a 'unsigned char'. Possibile perdita di dati.
     1>..\lib\parsers.c(541): warning C4244: '=': conversione da 'unsigned short' a 'unsigned char'. Possibile perdita di dati.
     1>..\lib\parsers.c(546): warning C4244: '=': conversione da 'unsigned short' a 'unsigned char'. Possibile perdita di dati.
         sha-1.c
         server.c
         server-handshake.c
         extension.c
         extension-deflate-frame.c
         extension-deflate-stream.c
         websock-w32.c
         gettimeofday.c
         Generazione del codice in corso...
       Link:
         c:\Program Files (x86)\Microsoft Visual Studio 10.0\VC\bin\link.exe /ERRORREPORT:PROMPT /OUT:"C:\Users\Andrea\Desktop\myProj\secure-rfid-login\app\libwebsockets-master\build\bin\Release\websockets.dll" /INCREMENTAL:NO /NOLOGO kernel32.lib user32.lib gdi32.lib winspool.lib shell32.lib ole32.lib oleaut32.lib uuid.lib comdlg32.lib advapi32.lib lib\Release\ZLIB.lib "C:\OpenSSL-Win32\lib\VC\ssleay32MD.lib" "C:\OpenSSL-Win32\lib\VC\libeay32MD.lib" ws2_32.lib /MANIFEST /ManifestFile:"websockets_shared.dir\Release\websockets.dll.intermediate.manifest" /MANIFESTUAC:"level='asInvoker' uiAccess='false'" /PDB:"C:/Users/Andrea/Desktop/myProj/secure-rfid-login/app/libwebsockets-master/build/bin/Release/websockets.pdb" /SUBSYSTEM:CONSOLE /TLBID:1 /DYNAMICBASE /NXCOMPAT /IMPLIB:"C:/Users/Andrea/Desktop/myProj/secure-rfid-login/app/libwebsockets-master/build/lib/Release/websockets.lib" /MACHINE:X86 /DLL "websockets_shared.dir\Release\base64-decode.obj"
         websockets_shared.dir\Release\handshake.obj
         websockets_shared.dir\Release\libwebsockets.obj
         websockets_shared.dir\Release\output.obj
         websockets_shared.dir\Release\parsers.obj
         "websockets_shared.dir\Release\sha-1.obj"
         websockets_shared.dir\Release\server.obj
         "websockets_shared.dir\Release\server-handshake.obj"
         websockets_shared.dir\Release\extension.obj
         "websockets_shared.dir\Release\extension-deflate-frame.obj"
         "websockets_shared.dir\Release\extension-deflate-stream.obj"
         "websockets_shared.dir\Release\websock-w32.obj"
         websockets_shared.dir\Release\gettimeofday.obj  /machine:X86 
            Creazione della libreria C:/Users/Andrea/Desktop/myProj/secure-rfid-login/app/libwebsockets-master/build/lib/Release/websockets.lib e dell'oggetto C:/Users/Andrea/Desktop/myProj/secure-rfid-login/app/libwebsockets-master/build/lib/Release/websockets.exp in corso...
         websockets_shared.vcxproj -> C:\Users\Andrea\Desktop\myProj\secure-rfid-login\app\libwebsockets-master\build\bin\Release\websockets.dll
       Manifest:
         C:\Program Files (x86)\Microsoft SDKs\Windows\v7.0A\bin\mt.exe /nologo /verbose /outputresource:"C:\Users\Andrea\Desktop\myProj\secure-rfid-login\app\libwebsockets-master\build\bin\Release\websockets.dll;#2" /manifest websockets_shared.dir\Release\websockets.dll.intermediate.manifest
       FinalizeBuildStatus:
         Eliminazione del file "websockets_shared.dir\Release\websockets_shared.unsuccessfulbuild" in corso.
         Aggiornamento timestamp di "websockets_shared.dir\Release\websockets_shared.lastbuildstate".
     1>Compilazione progetto "C:\Users\Andrea\Desktop\myProj\secure-rfid-login\app\libwebsockets-master\build\websockets_shared.vcxproj" (destinazioni: build) completata.

Compilazione completata.

Tempo trascorso 00:00:10.78
