Compilazione avviata 29/05/2014 21:57:31.
     1>Progetto "C:\Users\Andrea\Desktop\myProj\secure-rfid-login\app\libwebsockets-master\build\websockets.vcxproj" sul nodo 2 (destinazioni: build).
     1>InitializeBuildStatus:
         Creazione di "websockets.dir\Release\websockets.unsuccessfulbuild". È stato specificato "AlwaysCreate".
       CustomBuild:
         Building Custom Rule C:/Users/Andrea/Desktop/myProj/secure-rfid-login/app/libwebsockets-master/CMakeLists.txt
         CMake does not need to re-run because C:\Users\Andrea\Desktop\myProj\secure-rfid-login\app\libwebsockets-master\build\CMakeFiles\generate.stamp is up-to-date.
       ClCompile:
         c:\Program Files (x86)\Microsoft Visual Studio 10.0\VC\bin\CL.exe /c /I"C:\Users\Andrea\Desktop\myProj\secure-rfid-login\app\libwebsockets-master\build" /I"C:\Users\Andrea\Desktop\myProj\secure-rfid-login\app\libwebsockets-master\lib" /I"C:\Users\Andrea\Desktop\myProj\secure-rfid-login\app\libwebsockets-master\win32port\win32helpers" /I"C:\Users\Andrea\Desktop\myProj\secure-rfid-login\app\libwebsockets-master\win32port\zlib" /I"C:\OpenSSL-Win32\include" /nologo /W3 /WX- /O2 /Ob2 /Oy- /D WIN32 /D _WINDOWS /D NDEBUG /D CMAKE_BUILD /D _CRT_SECURE_NO_DEPRECATE /D _CRT_NONSTDC_NO_DEPRECATE /D "CMAKE_INTDIR=\"Release\"" /D _MBCS /Gm- /MD /GS /fp:precise /Zc:wchar_t /Zc:forScope /Fo"websockets.dir\Release\\" /Fd"websockets.dir\Release\vc100.pdb" /Gd /TC /analyze- /errorReport:prompt "..\lib\base64-decode.c" ..\lib\handshake.c ..\lib\libwebsockets.c ..\lib\output.c ..\lib\parsers.c "..\lib\sha-1.c" ..\lib\server.c "..\lib\server-handshake.c" ..\lib\extension.c "..\lib\extension-deflate-frame.c" "..\lib\extension-deflate-stream.c" "..\win32port\win32helpers\websock-w32.c" ..\win32port\win32helpers\gettimeofday.c
         base64-decode.c
         handshake.c
     1>..\lib\handshake.c(265): warning C4133: 'funzione': tipi non compatibili. Da 'size_t *' a 'const char *'
         libwebsockets.c
         output.c
     1>..\lib\output.c(184): warning C4018: '<': errata corrispondenza tra signed e unsigned
     1>..\lib\output.c(462): warning C4244: '=': conversione da 'short' a 'unsigned char'. Possibile perdita di dati.
         parsers.c
     1>..\lib\parsers.c(385): warning C4244: '=': conversione da 'unsigned short' a 'unsigned char'. Possibile perdita di dati.
     1>..\lib\parsers.c(541): warning C4244: '=': conversione da 'unsigned short' a 'unsigned char'. Possibile perdita di dati.
     1>..\lib\parsers.c(546): warning C4244: '=': conversione da 'unsigned short' a 'unsigned char'. Possibile perdita di dati.
         sha-1.c
         server.c
         server-handshake.c
         extension.c
         extension-deflate-frame.c
         extension-deflate-stream.c
         websock-w32.c
         gettimeofday.c
         Generazione del codice in corso...
       Lib:
         c:\Program Files (x86)\Microsoft Visual Studio 10.0\VC\bin\Lib.exe /OUT:"C:\Users\Andrea\Desktop\myProj\secure-rfid-login\app\libwebsockets-master\build\lib\Release\websockets_static.lib" /NOLOGO "websockets.dir\Release\base64-decode.obj"
         websockets.dir\Release\handshake.obj
         websockets.dir\Release\libwebsockets.obj
         websockets.dir\Release\output.obj
         websockets.dir\Release\parsers.obj
         "websockets.dir\Release\sha-1.obj"
         websockets.dir\Release\server.obj
         "websockets.dir\Release\server-handshake.obj"
         websockets.dir\Release\extension.obj
         "websockets.dir\Release\extension-deflate-frame.obj"
         "websockets.dir\Release\extension-deflate-stream.obj"
         "websockets.dir\Release\websock-w32.obj"
         websockets.dir\Release\gettimeofday.obj
         websockets.vcxproj -> C:\Users\Andrea\Desktop\myProj\secure-rfid-login\app\libwebsockets-master\build\lib\Release\websockets_static.lib
       FinalizeBuildStatus:
         Eliminazione del file "websockets.dir\Release\websockets.unsuccessfulbuild" in corso.
         Aggiornamento timestamp di "websockets.dir\Release\websockets.lastbuildstate".
     1>Compilazione progetto "C:\Users\Andrea\Desktop\myProj\secure-rfid-login\app\libwebsockets-master\build\websockets.vcxproj" (destinazioni: build) completata.

Compilazione completata.

Tempo trascorso 00:00:10.91
