Compilazione avviata 31/05/2014 23:35:26.
     1>Progetto "C:\Users\Andrea\Desktop\myProj\secure-rfid-login\app\srl-rfid-writer\argoRFID-Writer\argoRFID-Writer.vcxproj" sul nodo 2 (destinazioni: build).
     1>InitializeBuildStatus:
         Creazione di "Debug\srl-rfid-writer.unsuccessfulbuild". È stato specificato "AlwaysCreate".
       ClCompile:
         c:\Program Files (x86)\Microsoft Visual Studio 10.0\VC\bin\CL.exe /c /ZI /nologo /W3 /WX- /Od /Oy- /D _MBCS /Gm /EHsc /RTC1 /MDd /GS /fp:precise /Zc:wchar_t /Zc:forScope /Fo"Debug\\" /Fd"Debug\vc100.pdb" /Gd /TC /analyze- /errorReport:prompt "ArgoRFID-Writer.c"
         ArgoRFID-Writer.c
     1>c:\users\andrea\desktop\myproj\secure-rfid-login\app\srl-rfid-writer\argorfid-writer\argorfid-writer.c(115): warning C4996: 'getch': The POSIX name for this item is deprecated. Instead, use the ISO C++ conformant name: _getch. See online help for details.
                 c:\program files (x86)\microsoft visual studio 10.0\vc\include\conio.h(128): vedere la dichiarazione di 'getch'
       Link:
         c:\Program Files (x86)\Microsoft Visual Studio 10.0\VC\bin\link.exe /ERRORREPORT:PROMPT /OUT:"C:\Users\Andrea\Desktop\myProj\secure-rfid-login\app\srl-rfid-writer\Debug\srl-rfid-writer.exe" /NOLOGO kernel32.lib user32.lib gdi32.lib winspool.lib comdlg32.lib advapi32.lib shell32.lib ole32.lib oleaut32.lib uuid.lib odbc32.lib odbccp32.lib /MANIFEST /ManifestFile:"Debug\srl-rfid-writer.exe.intermediate.manifest" /MANIFESTUAC:"level='asInvoker' uiAccess='false'" /DEBUG /PDB:"C:\Users\Andrea\Desktop\myProj\secure-rfid-login\app\srl-rfid-writer\Debug\srl-rfid-writer.pdb" /TLBID:1 /DYNAMICBASE /NXCOMPAT /IMPLIB:"C:\Users\Andrea\Desktop\myProj\secure-rfid-login\app\srl-rfid-writer\Debug\srl-rfid-writer.lib" /MACHINE:X86 Debug\aes.obj
         Debug\ArduinoRFID.obj
         "Debug\ArgoRFID-Writer.obj"
         Debug\EncDec.obj
         Debug\rs232.obj
         LINK : C:\Users\Andrea\Desktop\myProj\secure-rfid-login\app\srl-rfid-writer\Debug\srl-rfid-writer.exe non trovato o non compilato dall'ultimo collegamento incrementale; verrà eseguito il collegamento completo
         argoRFID-Writer.vcxproj -> C:\Users\Andrea\Desktop\myProj\secure-rfid-login\app\srl-rfid-writer\Debug\srl-rfid-writer.exe
       Manifest:
         C:\Program Files (x86)\Microsoft SDKs\Windows\v7.0A\bin\mt.exe /nologo /verbose /outputresource:"C:\Users\Andrea\Desktop\myProj\secure-rfid-login\app\srl-rfid-writer\Debug\srl-rfid-writer.exe;#1" /manifest "Debug\srl-rfid-writer.exe.intermediate.manifest"
       FinalizeBuildStatus:
         Eliminazione del file "Debug\srl-rfid-writer.unsuccessfulbuild" in corso.
         Aggiornamento timestamp di "Debug\srl-rfid-writer.lastbuildstate".
     1>Compilazione progetto "C:\Users\Andrea\Desktop\myProj\secure-rfid-login\app\srl-rfid-writer\argoRFID-Writer\argoRFID-Writer.vcxproj" (destinazioni: build) completata.

Compilazione completata.

Tempo trascorso 00:00:07.49
