C:\USERS\ANDREA\DESKTOP\MYPROJ\SECURE-RFID-LOGIN\APP\SRL-RFID-WRITER\ARGORFID-WRITER\DEBUG\AES.OBJ
C:\USERS\ANDREA\DESKTOP\MYPROJ\SECURE-RFID-LOGIN\APP\SRL-RFID-WRITER\ARGORFID-WRITER\DEBUG\ARDUINORFID.OBJ
C:\USERS\ANDREA\DESKTOP\MYPROJ\SECURE-RFID-LOGIN\APP\SRL-RFID-WRITER\ARGORFID-WRITER\DEBUG\ARGORFID-WRITER.OBJ
C:\Users\Andrea\Desktop\myProj\secure-rfid-login\app\srl-rfid-writer\argoRFID-Writer\Debug\argoRFID-Writer.vcxprojResolveAssemblyReference.cache
C:\Users\Andrea\Desktop\myProj\secure-rfid-login\app\srl-rfid-writer\argoRFID-Writer\Debug\cl.command.1.tlog
C:\Users\Andrea\Desktop\myProj\secure-rfid-login\app\srl-rfid-writer\argoRFID-Writer\Debug\CL.read.1.tlog
C:\Users\Andrea\Desktop\myProj\secure-rfid-login\app\srl-rfid-writer\argoRFID-Writer\Debug\CL.write.1.tlog
C:\USERS\ANDREA\DESKTOP\MYPROJ\SECURE-RFID-LOGIN\APP\SRL-RFID-WRITER\ARGORFID-WRITER\DEBUG\DATABASEMANAGER.OBJ
C:\USERS\ANDREA\DESKTOP\MYPROJ\SECURE-RFID-LOGIN\APP\SRL-RFID-WRITER\ARGORFID-WRITER\DEBUG\ENCDEC.OBJ
C:\Users\Andrea\Desktop\myProj\secure-rfid-login\app\srl-rfid-writer\argoRFID-Writer\Debug\link.command.1.tlog
C:\Users\Andrea\Desktop\myProj\secure-rfid-login\app\srl-rfid-writer\argoRFID-Writer\Debug\link.read.1.tlog
C:\Users\Andrea\Desktop\myProj\secure-rfid-login\app\srl-rfid-writer\argoRFID-Writer\Debug\link.write.1.tlog
C:\Users\Andrea\Desktop\myProj\secure-rfid-login\app\srl-rfid-writer\argoRFID-Writer\Debug\mt.command.1.tlog
C:\Users\Andrea\Desktop\myProj\secure-rfid-login\app\srl-rfid-writer\argoRFID-Writer\Debug\mt.read.1.tlog
C:\Users\Andrea\Desktop\myProj\secure-rfid-login\app\srl-rfid-writer\argoRFID-Writer\Debug\mt.write.1.tlog
C:\USERS\ANDREA\DESKTOP\MYPROJ\SECURE-RFID-LOGIN\APP\SRL-RFID-WRITER\ARGORFID-WRITER\DEBUG\RS232.OBJ
C:\USERS\ANDREA\DESKTOP\MYPROJ\SECURE-RFID-LOGIN\APP\SRL-RFID-WRITER\ARGORFID-WRITER\DEBUG\SRL-RFID-WRITER.EXE.INTERMEDIATE.MANIFEST
C:\Users\Andrea\Desktop\myProj\secure-rfid-login\app\srl-rfid-writer\argoRFID-Writer\Debug\srl-rfid-writer.write.1.tlog
C:\Users\Andrea\Desktop\myProj\secure-rfid-login\app\srl-rfid-writer\argoRFID-Writer\Debug\vc100.idb
C:\USERS\ANDREA\DESKTOP\MYPROJ\SECURE-RFID-LOGIN\APP\SRL-RFID-WRITER\ARGORFID-WRITER\DEBUG\VC100.PDB
C:\USERS\ANDREA\DESKTOP\MYPROJ\SECURE-RFID-LOGIN\APP\SRL-RFID-WRITER\DEBUG\SRL-RFID-WRITER.EXE
C:\USERS\ANDREA\DESKTOP\MYPROJ\SECURE-RFID-LOGIN\APP\SRL-RFID-WRITER\DEBUG\SRL-RFID-WRITER.ILK
C:\USERS\ANDREA\DESKTOP\MYPROJ\SECURE-RFID-LOGIN\APP\SRL-RFID-WRITER\DEBUG\SRL-RFID-WRITER.PDB
