C:\USERS\ANDREA\DESKTOP\MYPROJ\SECURE-RFID-LOGIN\APP\LIBWEBSOCKETS-MASTER\BUILD\CMAKEFILES\GENERATE.STAMP
C:\USERS\ANDREA\DESKTOP\MYPROJ\SECURE-RFID-LOGIN\APP\LIBWEBSOCKETS-MASTER\BUILD\LIB\DEBUG\WEBSOCKETS_STATIC.LIB
C:\USERS\ANDREA\DESKTOP\MYPROJ\SECURE-RFID-LOGIN\APP\LIBWEBSOCKETS-MASTER\BUILD\WEBSOCKETS.DIR\DEBUG\BASE64-DECODE.OBJ
C:\Users\Andrea\Desktop\myProj\secure-rfid-login\app\libwebsockets-master\build\websockets.dir\Debug\cl.command.1.tlog
C:\Users\Andrea\Desktop\myProj\secure-rfid-login\app\libwebsockets-master\build\websockets.dir\Debug\CL.read.1.tlog
C:\Users\Andrea\Desktop\myProj\secure-rfid-login\app\libwebsockets-master\build\websockets.dir\Debug\CL.write.1.tlog
C:\Users\Andrea\Desktop\myProj\secure-rfid-login\app\libwebsockets-master\build\websockets.dir\Debug\custombuild.command.1.tlog
C:\Users\Andrea\Desktop\myProj\secure-rfid-login\app\libwebsockets-master\build\websockets.dir\Debug\custombuild.read.1.tlog
C:\Users\Andrea\Desktop\myProj\secure-rfid-login\app\libwebsockets-master\build\websockets.dir\Debug\custombuild.write.1.tlog
C:\USERS\ANDREA\DESKTOP\MYPROJ\SECURE-RFID-LOGIN\APP\LIBWEBSOCKETS-MASTER\BUILD\WEBSOCKETS.DIR\DEBUG\EXTENSION.OBJ
C:\USERS\ANDREA\DESKTOP\MYPROJ\SECURE-RFID-LOGIN\APP\LIBWEBSOCKETS-MASTER\BUILD\WEBSOCKETS.DIR\DEBUG\EXTENSION-DEFLATE-FRAME.OBJ
C:\USERS\ANDREA\DESKTOP\MYPROJ\SECURE-RFID-LOGIN\APP\LIBWEBSOCKETS-MASTER\BUILD\WEBSOCKETS.DIR\DEBUG\EXTENSION-DEFLATE-STREAM.OBJ
C:\USERS\ANDREA\DESKTOP\MYPROJ\SECURE-RFID-LOGIN\APP\LIBWEBSOCKETS-MASTER\BUILD\WEBSOCKETS.DIR\DEBUG\GETTIMEOFDAY.OBJ
C:\USERS\ANDREA\DESKTOP\MYPROJ\SECURE-RFID-LOGIN\APP\LIBWEBSOCKETS-MASTER\BUILD\WEBSOCKETS.DIR\DEBUG\HANDSHAKE.OBJ
C:\Users\Andrea\Desktop\myProj\secure-rfid-login\app\libwebsockets-master\build\websockets.dir\Debug\lib.command.1.tlog
C:\Users\Andrea\Desktop\myProj\secure-rfid-login\app\libwebsockets-master\build\websockets.dir\Debug\Lib-link.read.1.tlog
C:\Users\Andrea\Desktop\myProj\secure-rfid-login\app\libwebsockets-master\build\websockets.dir\Debug\Lib-link.write.1.tlog
C:\USERS\ANDREA\DESKTOP\MYPROJ\SECURE-RFID-LOGIN\APP\LIBWEBSOCKETS-MASTER\BUILD\WEBSOCKETS.DIR\DEBUG\LIBWEBSOCKETS.OBJ
C:\USERS\ANDREA\DESKTOP\MYPROJ\SECURE-RFID-LOGIN\APP\LIBWEBSOCKETS-MASTER\BUILD\WEBSOCKETS.DIR\DEBUG\OUTPUT.OBJ
C:\USERS\ANDREA\DESKTOP\MYPROJ\SECURE-RFID-LOGIN\APP\LIBWEBSOCKETS-MASTER\BUILD\WEBSOCKETS.DIR\DEBUG\PARSERS.OBJ
C:\USERS\ANDREA\DESKTOP\MYPROJ\SECURE-RFID-LOGIN\APP\LIBWEBSOCKETS-MASTER\BUILD\WEBSOCKETS.DIR\DEBUG\SERVER.OBJ
C:\USERS\ANDREA\DESKTOP\MYPROJ\SECURE-RFID-LOGIN\APP\LIBWEBSOCKETS-MASTER\BUILD\WEBSOCKETS.DIR\DEBUG\SERVER-HANDSHAKE.OBJ
C:\USERS\ANDREA\DESKTOP\MYPROJ\SECURE-RFID-LOGIN\APP\LIBWEBSOCKETS-MASTER\BUILD\WEBSOCKETS.DIR\DEBUG\SHA-1.OBJ
C:\USERS\ANDREA\DESKTOP\MYPROJ\SECURE-RFID-LOGIN\APP\LIBWEBSOCKETS-MASTER\BUILD\WEBSOCKETS.DIR\DEBUG\VC100.PDB
C:\Users\Andrea\Desktop\myProj\secure-rfid-login\app\libwebsockets-master\build\websockets.dir\Debug\websockets.vcxprojResolveAssemblyReference.cache
C:\Users\Andrea\Desktop\myProj\secure-rfid-login\app\libwebsockets-master\build\websockets.dir\Debug\websockets.write.1.tlog
C:\USERS\ANDREA\DESKTOP\MYPROJ\SECURE-RFID-LOGIN\APP\LIBWEBSOCKETS-MASTER\BUILD\WEBSOCKETS.DIR\DEBUG\WEBSOCK-W32.OBJ
