C:\USERS\ANDREA\DESKTOP\MYPROJ\SECURE-RFID-LOGIN\APP\LIBWEBSOCKETS-MASTER\BUILD\CMAKEFILES\GENERATE.STAMP
C:\USERS\ANDREA\DESKTOP\MYPROJ\SECURE-RFID-LOGIN\APP\LIBWEBSOCKETS-MASTER\BUILD\LIB\DEBUG\ZLIB.LIB
C:\USERS\ANDREA\DESKTOP\MYPROJ\SECURE-RFID-LOGIN\APP\LIBWEBSOCKETS-MASTER\BUILD\ZLIB.DIR\DEBUG\ADLER32.OBJ
C:\Users\Andrea\Desktop\myProj\secure-rfid-login\app\libwebsockets-master\build\ZLIB.dir\Debug\cl.command.1.tlog
C:\Users\Andrea\Desktop\myProj\secure-rfid-login\app\libwebsockets-master\build\ZLIB.dir\Debug\CL.read.1.tlog
C:\Users\Andrea\Desktop\myProj\secure-rfid-login\app\libwebsockets-master\build\ZLIB.dir\Debug\CL.write.1.tlog
C:\USERS\ANDREA\DESKTOP\MYPROJ\SECURE-RFID-LOGIN\APP\LIBWEBSOCKETS-MASTER\BUILD\ZLIB.DIR\DEBUG\COMPRESS.OBJ
C:\USERS\ANDREA\DESKTOP\MYPROJ\SECURE-RFID-LOGIN\APP\LIBWEBSOCKETS-MASTER\BUILD\ZLIB.DIR\DEBUG\CRC32.OBJ
C:\Users\Andrea\Desktop\myProj\secure-rfid-login\app\libwebsockets-master\build\ZLIB.dir\Debug\custombuild.command.1.tlog
C:\Users\Andrea\Desktop\myProj\secure-rfid-login\app\libwebsockets-master\build\ZLIB.dir\Debug\custombuild.read.1.tlog
C:\Users\Andrea\Desktop\myProj\secure-rfid-login\app\libwebsockets-master\build\ZLIB.dir\Debug\custombuild.write.1.tlog
C:\USERS\ANDREA\DESKTOP\MYPROJ\SECURE-RFID-LOGIN\APP\LIBWEBSOCKETS-MASTER\BUILD\ZLIB.DIR\DEBUG\DEFLATE.OBJ
C:\USERS\ANDREA\DESKTOP\MYPROJ\SECURE-RFID-LOGIN\APP\LIBWEBSOCKETS-MASTER\BUILD\ZLIB.DIR\DEBUG\GZCLOSE.OBJ
C:\USERS\ANDREA\DESKTOP\MYPROJ\SECURE-RFID-LOGIN\APP\LIBWEBSOCKETS-MASTER\BUILD\ZLIB.DIR\DEBUG\GZIO.OBJ
C:\USERS\ANDREA\DESKTOP\MYPROJ\SECURE-RFID-LOGIN\APP\LIBWEBSOCKETS-MASTER\BUILD\ZLIB.DIR\DEBUG\GZLIB.OBJ
C:\USERS\ANDREA\DESKTOP\MYPROJ\SECURE-RFID-LOGIN\APP\LIBWEBSOCKETS-MASTER\BUILD\ZLIB.DIR\DEBUG\GZREAD.OBJ
C:\USERS\ANDREA\DESKTOP\MYPROJ\SECURE-RFID-LOGIN\APP\LIBWEBSOCKETS-MASTER\BUILD\ZLIB.DIR\DEBUG\GZWRITE.OBJ
C:\USERS\ANDREA\DESKTOP\MYPROJ\SECURE-RFID-LOGIN\APP\LIBWEBSOCKETS-MASTER\BUILD\ZLIB.DIR\DEBUG\INFBACK.OBJ
C:\USERS\ANDREA\DESKTOP\MYPROJ\SECURE-RFID-LOGIN\APP\LIBWEBSOCKETS-MASTER\BUILD\ZLIB.DIR\DEBUG\INFFAST.OBJ
C:\USERS\ANDREA\DESKTOP\MYPROJ\SECURE-RFID-LOGIN\APP\LIBWEBSOCKETS-MASTER\BUILD\ZLIB.DIR\DEBUG\INFLATE.OBJ
C:\USERS\ANDREA\DESKTOP\MYPROJ\SECURE-RFID-LOGIN\APP\LIBWEBSOCKETS-MASTER\BUILD\ZLIB.DIR\DEBUG\INFTREES.OBJ
C:\Users\Andrea\Desktop\myProj\secure-rfid-login\app\libwebsockets-master\build\ZLIB.dir\Debug\lib.command.1.tlog
C:\Users\Andrea\Desktop\myProj\secure-rfid-login\app\libwebsockets-master\build\ZLIB.dir\Debug\Lib-link.read.1.tlog
C:\Users\Andrea\Desktop\myProj\secure-rfid-login\app\libwebsockets-master\build\ZLIB.dir\Debug\Lib-link.write.1.tlog
C:\USERS\ANDREA\DESKTOP\MYPROJ\SECURE-RFID-LOGIN\APP\LIBWEBSOCKETS-MASTER\BUILD\ZLIB.DIR\DEBUG\TREES.OBJ
C:\USERS\ANDREA\DESKTOP\MYPROJ\SECURE-RFID-LOGIN\APP\LIBWEBSOCKETS-MASTER\BUILD\ZLIB.DIR\DEBUG\UNCOMPR.OBJ
C:\USERS\ANDREA\DESKTOP\MYPROJ\SECURE-RFID-LOGIN\APP\LIBWEBSOCKETS-MASTER\BUILD\ZLIB.DIR\DEBUG\VC100.PDB
C:\Users\Andrea\Desktop\myProj\secure-rfid-login\app\libwebsockets-master\build\ZLIB.dir\Debug\ZLIB.write.1.tlog
C:\USERS\ANDREA\DESKTOP\MYPROJ\SECURE-RFID-LOGIN\APP\LIBWEBSOCKETS-MASTER\BUILD\ZLIB.DIR\DEBUG\ZUTIL.OBJ
