C:\USERS\ANDREA\DESKTOP\MYPROJ\SECURE-RFID-LOGIN\APP\LIBWEBSOCKETS-MASTER\BUILD\BIN\DEBUG\WEBSOCKETS.DLL
C:\USERS\ANDREA\DESKTOP\MYPROJ\SECURE-RFID-LOGIN\APP\LIBWEBSOCKETS-MASTER\BUILD\BIN\DEBUG\WEBSOCKETS.ILK
C:\USERS\ANDREA\DESKTOP\MYPROJ\SECURE-RFID-LOGIN\APP\LIBWEBSOCKETS-MASTER\BUILD\BIN\DEBUG\WEBSOCKETS.PDB
C:\USERS\ANDREA\DESKTOP\MYPROJ\SECURE-RFID-LOGIN\APP\LIBWEBSOCKETS-MASTER\BUILD\CMAKEFILES\GENERATE.STAMP
C:\Users\Andrea\Desktop\myProj\secure-rfid-login\app\libwebsockets-master\build\lib\Debug\websockets.exp
C:\Users\Andrea\Desktop\myProj\secure-rfid-login\app\libwebsockets-master\build\lib\Debug\websockets.lib
C:\USERS\ANDREA\DESKTOP\MYPROJ\SECURE-RFID-LOGIN\APP\LIBWEBSOCKETS-MASTER\BUILD\WEBSOCKETS_SHARED.DIR\DEBUG\BASE64-DECODE.OBJ
C:\Users\Andrea\Desktop\myProj\secure-rfid-login\app\libwebsockets-master\build\websockets_shared.dir\Debug\cl.command.1.tlog
C:\Users\Andrea\Desktop\myProj\secure-rfid-login\app\libwebsockets-master\build\websockets_shared.dir\Debug\CL.read.1.tlog
C:\Users\Andrea\Desktop\myProj\secure-rfid-login\app\libwebsockets-master\build\websockets_shared.dir\Debug\CL.write.1.tlog
C:\Users\Andrea\Desktop\myProj\secure-rfid-login\app\libwebsockets-master\build\websockets_shared.dir\Debug\custombuild.command.1.tlog
C:\Users\Andrea\Desktop\myProj\secure-rfid-login\app\libwebsockets-master\build\websockets_shared.dir\Debug\custombuild.read.1.tlog
C:\Users\Andrea\Desktop\myProj\secure-rfid-login\app\libwebsockets-master\build\websockets_shared.dir\Debug\custombuild.write.1.tlog
C:\USERS\ANDREA\DESKTOP\MYPROJ\SECURE-RFID-LOGIN\APP\LIBWEBSOCKETS-MASTER\BUILD\WEBSOCKETS_SHARED.DIR\DEBUG\EXTENSION.OBJ
C:\USERS\ANDREA\DESKTOP\MYPROJ\SECURE-RFID-LOGIN\APP\LIBWEBSOCKETS-MASTER\BUILD\WEBSOCKETS_SHARED.DIR\DEBUG\EXTENSION-DEFLATE-FRAME.OBJ
C:\USERS\ANDREA\DESKTOP\MYPROJ\SECURE-RFID-LOGIN\APP\LIBWEBSOCKETS-MASTER\BUILD\WEBSOCKETS_SHARED.DIR\DEBUG\EXTENSION-DEFLATE-STREAM.OBJ
C:\USERS\ANDREA\DESKTOP\MYPROJ\SECURE-RFID-LOGIN\APP\LIBWEBSOCKETS-MASTER\BUILD\WEBSOCKETS_SHARED.DIR\DEBUG\GETTIMEOFDAY.OBJ
C:\USERS\ANDREA\DESKTOP\MYPROJ\SECURE-RFID-LOGIN\APP\LIBWEBSOCKETS-MASTER\BUILD\WEBSOCKETS_SHARED.DIR\DEBUG\HANDSHAKE.OBJ
C:\USERS\ANDREA\DESKTOP\MYPROJ\SECURE-RFID-LOGIN\APP\LIBWEBSOCKETS-MASTER\BUILD\WEBSOCKETS_SHARED.DIR\DEBUG\LIBWEBSOCKETS.OBJ
C:\Users\Andrea\Desktop\myProj\secure-rfid-login\app\libwebsockets-master\build\websockets_shared.dir\Debug\link.6404.read.1.tlog
C:\Users\Andrea\Desktop\myProj\secure-rfid-login\app\libwebsockets-master\build\websockets_shared.dir\Debug\link.6404.write.1.tlog
C:\Users\Andrea\Desktop\myProj\secure-rfid-login\app\libwebsockets-master\build\websockets_shared.dir\Debug\link.6404-cvtres.read.1.tlog
C:\Users\Andrea\Desktop\myProj\secure-rfid-login\app\libwebsockets-master\build\websockets_shared.dir\Debug\link.6404-cvtres.write.1.tlog
C:\Users\Andrea\Desktop\myProj\secure-rfid-login\app\libwebsockets-master\build\websockets_shared.dir\Debug\link.command.1.tlog
C:\Users\Andrea\Desktop\myProj\secure-rfid-login\app\libwebsockets-master\build\websockets_shared.dir\Debug\link.read.1.tlog
C:\Users\Andrea\Desktop\myProj\secure-rfid-login\app\libwebsockets-master\build\websockets_shared.dir\Debug\link.write.1.tlog
C:\Users\Andrea\Desktop\myProj\secure-rfid-login\app\libwebsockets-master\build\websockets_shared.dir\Debug\link-cvtres.read.1.tlog
C:\Users\Andrea\Desktop\myProj\secure-rfid-login\app\libwebsockets-master\build\websockets_shared.dir\Debug\link-cvtres.write.1.tlog
C:\Users\Andrea\Desktop\myProj\secure-rfid-login\app\libwebsockets-master\build\websockets_shared.dir\Debug\mt.command.1.tlog
C:\Users\Andrea\Desktop\myProj\secure-rfid-login\app\libwebsockets-master\build\websockets_shared.dir\Debug\mt.read.1.tlog
C:\Users\Andrea\Desktop\myProj\secure-rfid-login\app\libwebsockets-master\build\websockets_shared.dir\Debug\mt.write.1.tlog
C:\USERS\ANDREA\DESKTOP\MYPROJ\SECURE-RFID-LOGIN\APP\LIBWEBSOCKETS-MASTER\BUILD\WEBSOCKETS_SHARED.DIR\DEBUG\OUTPUT.OBJ
C:\USERS\ANDREA\DESKTOP\MYPROJ\SECURE-RFID-LOGIN\APP\LIBWEBSOCKETS-MASTER\BUILD\WEBSOCKETS_SHARED.DIR\DEBUG\PARSERS.OBJ
C:\Users\Andrea\Desktop\myProj\secure-rfid-login\app\libwebsockets-master\build\websockets_shared.dir\Debug\rc.command.1.tlog
C:\Users\Andrea\Desktop\myProj\secure-rfid-login\app\libwebsockets-master\build\websockets_shared.dir\Debug\rc.read.1.tlog
C:\Users\Andrea\Desktop\myProj\secure-rfid-login\app\libwebsockets-master\build\websockets_shared.dir\Debug\rc.write.1.tlog
C:\USERS\ANDREA\DESKTOP\MYPROJ\SECURE-RFID-LOGIN\APP\LIBWEBSOCKETS-MASTER\BUILD\WEBSOCKETS_SHARED.DIR\DEBUG\SERVER.OBJ
C:\USERS\ANDREA\DESKTOP\MYPROJ\SECURE-RFID-LOGIN\APP\LIBWEBSOCKETS-MASTER\BUILD\WEBSOCKETS_SHARED.DIR\DEBUG\SERVER-HANDSHAKE.OBJ
C:\USERS\ANDREA\DESKTOP\MYPROJ\SECURE-RFID-LOGIN\APP\LIBWEBSOCKETS-MASTER\BUILD\WEBSOCKETS_SHARED.DIR\DEBUG\SHA-1.OBJ
C:\USERS\ANDREA\DESKTOP\MYPROJ\SECURE-RFID-LOGIN\APP\LIBWEBSOCKETS-MASTER\BUILD\WEBSOCKETS_SHARED.DIR\DEBUG\VC100.PDB
C:\USERS\ANDREA\DESKTOP\MYPROJ\SECURE-RFID-LOGIN\APP\LIBWEBSOCKETS-MASTER\BUILD\WEBSOCKETS_SHARED.DIR\DEBUG\WEBSOCKETS.DLL.EMBED.MANIFEST
C:\USERS\ANDREA\DESKTOP\MYPROJ\SECURE-RFID-LOGIN\APP\LIBWEBSOCKETS-MASTER\BUILD\WEBSOCKETS_SHARED.DIR\DEBUG\WEBSOCKETS.DLL.EMBED.MANIFEST.RES
C:\USERS\ANDREA\DESKTOP\MYPROJ\SECURE-RFID-LOGIN\APP\LIBWEBSOCKETS-MASTER\BUILD\WEBSOCKETS_SHARED.DIR\DEBUG\WEBSOCKETS.DLL.INTERMEDIATE.MANIFEST
C:\Users\Andrea\Desktop\myProj\secure-rfid-login\app\libwebsockets-master\build\websockets_shared.dir\Debug\websockets_manifest.rc
C:\Users\Andrea\Desktop\myProj\secure-rfid-login\app\libwebsockets-master\build\websockets_shared.dir\Debug\websockets_shared.write.1.tlog
C:\USERS\ANDREA\DESKTOP\MYPROJ\SECURE-RFID-LOGIN\APP\LIBWEBSOCKETS-MASTER\BUILD\WEBSOCKETS_SHARED.DIR\DEBUG\WEBSOCK-W32.OBJ
