C:\USERS\ANDREA\DESKTOP\MYPROJ\SECURE-RFID-LOGIN\APP\LIBWEBSOCKETS-MASTER\BUILD\CMAKEFILES\GENERATE.STAMP
C:\USERS\ANDREA\DESKTOP\MYPROJ\SECURE-RFID-LOGIN\APP\LIBWEBSOCKETS-MASTER\BUILD\LIB\RELEASE\ZLIB.LIB
C:\USERS\ANDREA\DESKTOP\MYPROJ\SECURE-RFID-LOGIN\APP\LIBWEBSOCKETS-MASTER\BUILD\ZLIB.DIR\RELEASE\ADLER32.OBJ
C:\Users\Andrea\Desktop\myProj\secure-rfid-login\app\libwebsockets-master\build\ZLIB.dir\Release\cl.command.1.tlog
C:\Users\Andrea\Desktop\myProj\secure-rfid-login\app\libwebsockets-master\build\ZLIB.dir\Release\CL.read.1.tlog
C:\Users\Andrea\Desktop\myProj\secure-rfid-login\app\libwebsockets-master\build\ZLIB.dir\Release\CL.write.1.tlog
C:\USERS\ANDREA\DESKTOP\MYPROJ\SECURE-RFID-LOGIN\APP\LIBWEBSOCKETS-MASTER\BUILD\ZLIB.DIR\RELEASE\COMPRESS.OBJ
C:\USERS\ANDREA\DESKTOP\MYPROJ\SECURE-RFID-LOGIN\APP\LIBWEBSOCKETS-MASTER\BUILD\ZLIB.DIR\RELEASE\CRC32.OBJ
C:\Users\Andrea\Desktop\myProj\secure-rfid-login\app\libwebsockets-master\build\ZLIB.dir\Release\custombuild.command.1.tlog
C:\Users\Andrea\Desktop\myProj\secure-rfid-login\app\libwebsockets-master\build\ZLIB.dir\Release\custombuild.read.1.tlog
C:\Users\Andrea\Desktop\myProj\secure-rfid-login\app\libwebsockets-master\build\ZLIB.dir\Release\custombuild.write.1.tlog
C:\USERS\ANDREA\DESKTOP\MYPROJ\SECURE-RFID-LOGIN\APP\LIBWEBSOCKETS-MASTER\BUILD\ZLIB.DIR\RELEASE\DEFLATE.OBJ
C:\USERS\ANDREA\DESKTOP\MYPROJ\SECURE-RFID-LOGIN\APP\LIBWEBSOCKETS-MASTER\BUILD\ZLIB.DIR\RELEASE\GZCLOSE.OBJ
C:\USERS\ANDREA\DESKTOP\MYPROJ\SECURE-RFID-LOGIN\APP\LIBWEBSOCKETS-MASTER\BUILD\ZLIB.DIR\RELEASE\GZIO.OBJ
C:\USERS\ANDREA\DESKTOP\MYPROJ\SECURE-RFID-LOGIN\APP\LIBWEBSOCKETS-MASTER\BUILD\ZLIB.DIR\RELEASE\GZLIB.OBJ
C:\USERS\ANDREA\DESKTOP\MYPROJ\SECURE-RFID-LOGIN\APP\LIBWEBSOCKETS-MASTER\BUILD\ZLIB.DIR\RELEASE\GZREAD.OBJ
C:\USERS\ANDREA\DESKTOP\MYPROJ\SECURE-RFID-LOGIN\APP\LIBWEBSOCKETS-MASTER\BUILD\ZLIB.DIR\RELEASE\GZWRITE.OBJ
C:\USERS\ANDREA\DESKTOP\MYPROJ\SECURE-RFID-LOGIN\APP\LIBWEBSOCKETS-MASTER\BUILD\ZLIB.DIR\RELEASE\INFBACK.OBJ
C:\USERS\ANDREA\DESKTOP\MYPROJ\SECURE-RFID-LOGIN\APP\LIBWEBSOCKETS-MASTER\BUILD\ZLIB.DIR\RELEASE\INFFAST.OBJ
C:\USERS\ANDREA\DESKTOP\MYPROJ\SECURE-RFID-LOGIN\APP\LIBWEBSOCKETS-MASTER\BUILD\ZLIB.DIR\RELEASE\INFLATE.OBJ
C:\USERS\ANDREA\DESKTOP\MYPROJ\SECURE-RFID-LOGIN\APP\LIBWEBSOCKETS-MASTER\BUILD\ZLIB.DIR\RELEASE\INFTREES.OBJ
C:\Users\Andrea\Desktop\myProj\secure-rfid-login\app\libwebsockets-master\build\ZLIB.dir\Release\lib.command.1.tlog
C:\Users\Andrea\Desktop\myProj\secure-rfid-login\app\libwebsockets-master\build\ZLIB.dir\Release\Lib-link.read.1.tlog
C:\Users\Andrea\Desktop\myProj\secure-rfid-login\app\libwebsockets-master\build\ZLIB.dir\Release\Lib-link.write.1.tlog
C:\USERS\ANDREA\DESKTOP\MYPROJ\SECURE-RFID-LOGIN\APP\LIBWEBSOCKETS-MASTER\BUILD\ZLIB.DIR\RELEASE\TREES.OBJ
C:\USERS\ANDREA\DESKTOP\MYPROJ\SECURE-RFID-LOGIN\APP\LIBWEBSOCKETS-MASTER\BUILD\ZLIB.DIR\RELEASE\UNCOMPR.OBJ
C:\Users\Andrea\Desktop\myProj\secure-rfid-login\app\libwebsockets-master\build\ZLIB.dir\Release\ZLIB.write.1.tlog
C:\USERS\ANDREA\DESKTOP\MYPROJ\SECURE-RFID-LOGIN\APP\LIBWEBSOCKETS-MASTER\BUILD\ZLIB.DIR\RELEASE\ZUTIL.OBJ
